0 info it worked if it ends with ok
1 verbose cli [ '/Users/jamess/.nvm/versions/node/v7.7.4/bin/node',
1 verbose cli   '/Users/jamess/.nvm/versions/node/v7.7.4/bin/npm',
1 verbose cli   'run',
1 verbose cli   'docs' ]
2 info using npm@4.1.2
3 info using node@v7.7.4
4 verbose run-script [ 'predocs', 'docs', 'postdocs' ]
5 info lifecycle resourceful-redux@0.0.1~predocs: resourceful-redux@0.0.1
6 silly lifecycle resourceful-redux@0.0.1~predocs: no script for predocs, continuing
7 info lifecycle resourceful-redux@0.0.1~docs: resourceful-redux@0.0.1
8 verbose lifecycle resourceful-redux@0.0.1~docs: unsafe-perm in lifecycle true
9 verbose lifecycle resourceful-redux@0.0.1~docs: PATH: /Users/jamess/.nvm/versions/node/v7.7.4/lib/node_modules/npm/bin/node-gyp-bin:/Users/jamess/webdev/redux-projects/resourceful-redux/node_modules/.bin:/Users/jamess/.nvm/versions/node/v7.7.4/bin:/usr/local/bin:/usr/bin:/bin:/usr/sbin:/sbin:/Applications/Wireshark.app/Contents/MacOS:/Users/jamess/Nebula:/usr/local/texlive/2015/bin/x86_64-darwin:/Users/jamess/.nvm/versions/node/v7.7.4/bin
10 verbose lifecycle resourceful-redux@0.0.1~docs: CWD: /Users/jamess/webdev/redux-projects/resourceful-redux
11 silly lifecycle resourceful-redux@0.0.1~docs: Args: [ '-c', 'gitbook build ./site' ]
12 silly lifecycle resourceful-redux@0.0.1~docs: Returned: code: 1  signal: null
13 info lifecycle resourceful-redux@0.0.1~docs: Failed to exec docs script
14 verbose stack Error: resourceful-redux@0.0.1 docs: `gitbook build ./site`
14 verbose stack Exit status 1
14 verbose stack     at EventEmitter.<anonymous> (/Users/jamess/.nvm/versions/node/v7.7.4/lib/node_modules/npm/lib/utils/lifecycle.js:279:16)
14 verbose stack     at emitTwo (events.js:106:13)
14 verbose stack     at EventEmitter.emit (events.js:194:7)
14 verbose stack     at ChildProcess.<anonymous> (/Users/jamess/.nvm/versions/node/v7.7.4/lib/node_modules/npm/lib/utils/spawn.js:40:14)
14 verbose stack     at emitTwo (events.js:106:13)
14 verbose stack     at ChildProcess.emit (events.js:194:7)
14 verbose stack     at maybeClose (internal/child_process.js:899:16)
14 verbose stack     at Process.ChildProcess._handle.onexit (internal/child_process.js:226:5)
15 verbose pkgid resourceful-redux@0.0.1
16 verbose cwd /Users/jamess/webdev/redux-projects/resourceful-redux
17 error Darwin 16.6.0
18 error argv "/Users/jamess/.nvm/versions/node/v7.7.4/bin/node" "/Users/jamess/.nvm/versions/node/v7.7.4/bin/npm" "run" "docs"
19 error node v7.7.4
20 error npm  v4.1.2
21 error code ELIFECYCLE
22 error resourceful-redux@0.0.1 docs: `gitbook build ./site`
22 error Exit status 1
23 error Failed at the resourceful-redux@0.0.1 docs script 'gitbook build ./site'.
23 error Make sure you have the latest version of node.js and npm installed.
23 error If you do, this is most likely a problem with the resourceful-redux package,
23 error not with npm itself.
23 error Tell the author that this fails on your system:
23 error     gitbook build ./site
23 error You can get information on how to open an issue for this project with:
23 error     npm bugs resourceful-redux
23 error Or if that isn't available, you can get their info via:
23 error     npm owner ls resourceful-redux
23 error There is likely additional logging output above.
24 verbose exit [ 1, true ]
